info it worked if it ends with ok
verbose cli [ 'C:\\Program Files (x86)\\nodejs\\\\node.exe',
verbose cli   'C:\\Program Files (x86)\\nodejs\\node_modules\\npm\\bin\\npm-cli.js',
verbose cli   'install',
verbose cli   'jquery' ]
info using npm@1.1.0-beta-10
info using node@v0.6.7
verbose config file C:\Users\brendan\.npmrc
verbose config file C:\Program Files (x86)\nodejs\etc\npmrc
verbose config file C:\Program Files (x86)\nodejs\node_modules\npm\npmrc
verbose mkdir done: C:\Users\brendan\AppData\Roaming\npm 755
verbose mkdir done: D:\workspace\projects\piewpiew-js 755
verbose caching D:\workspace\projects\piewpiew-js\package.json
verbose loadDefaults piewpiew@0.0.2
verbose caching D:\workspace\projects\piewpiew-js\node_modules\assert\package.json
verbose loadDefaults assert@0.4.9
verbose caching D:\workspace\projects\piewpiew-js\node_modules\backbone\package.json
verbose loadDefaults backbone@0.9.2
verbose caching D:\workspace\projects\piewpiew-js\node_modules\chai\package.json
verbose loadDefaults chai@1.0.4
verbose caching D:\workspace\projects\piewpiew-js\node_modules\grunt-jasmine-task\package.json
verbose loadDefaults grunt-jasmine-task@0.2.0
verbose caching D:\workspace\projects\piewpiew-js\node_modules\grunt\package.json
verbose loadDefaults grunt@0.3.9
verbose caching D:\workspace\projects\piewpiew-js\node_modules\jasmine-node\package.json
verbose loadDefaults jasmine-node@1.0.26
verbose caching D:\workspace\projects\piewpiew-js\node_modules\requirejs\package.json
verbose loadDefaults requirejs@2.0.2
verbose caching D:\workspace\projects\piewpiew-js\node_modules\mocha\package.json
verbose loadDefaults mocha@1.1.0
verbose caching D:\workspace\projects\piewpiew-js\node_modules\grunt-mocha\package.json
verbose loadDefaults grunt-mocha@0.1.1
verbose caching D:\workspace\projects\piewpiew-js\node_modules\temporary\package.json
verbose loadDefaults temporary@0.0.2
verbose from cache D:\workspace\projects\piewpiew-js\package.json
verbose into D:\workspace\projects\piewpiew-js [ 'jquery' ]
verbose cache add jquery
verbose cache add [ 'jquery', null ]
silly cache add: name, spec, args [ undefined, 'jquery', [ 'jquery', null ] ]
verbose parsed url { pathname: 'jquery', path: 'jquery', href: 'jquery' }
verbose addNamed [ 'jquery', '' ]
verbose addNamed [ null, '' ]
silly name, range, hasData [ 'jquery', '', false ]
verbose raw, before any munging jquery
verbose url resolving [ 'https://registry.npmjs.org/', './jquery' ]
verbose url resolved https://registry.npmjs.org/jquery
http GET https://registry.npmjs.org/jquery
http 200 https://registry.npmjs.org/jquery
silly get cb [ 200,
silly get cb   { vary: 'Accept',
silly get cb     server: 'CouchDB/1.2.0 (Erlang OTP/R15B)',
silly get cb     etag: '"ESE3FANLRSKFSXFZLMXS0ZX93"',
silly get cb     date: 'Sun, 17 Jun 2012 08:35:07 GMT',
silly get cb     'content-type': 'application/json',
silly get cb     'content-length': '5384' } ]
verbose mkdir (expected) error ENOENT, no such file or directory 'C:\Users\brendan\AppData\Roaming\npm-cache\jquery'
verbose mkdir done: C:\Users\brendan\AppData\Roaming\npm-cache\jquery 755
silly name, range, hasData 2 [ 'jquery', '', true ]
silly versions [ 'jquery', [ '1.5.1', '1.6.2', '1.6.3', '1.7.2' ] ]
verbose bin dist [ '0.6-ares1.7.5-DEV-evundefined-openssl0.9.8r-v83.6.6.15-win32-ia32-6.1.7601',
verbose bin dist   { shasum: 'a93746763aca75a34df4c16395b0826310d0eaf2',
verbose bin dist     tarball: 'http://registry.npmjs.org/jquery/-/jquery-1.7.2.tgz' } ]
verbose addRemoteTarball [ 'https://registry.npmjs.org/jquery/-/jquery-1.7.2.tgz',
verbose addRemoteTarball   'a93746763aca75a34df4c16395b0826310d0eaf2' ]
verbose mkdir (expected) error ENOENT, no such file or directory 'C:\Users\brendan\AppData\Local\Temp\npm-1339922104853'
verbose mkdir (expected) error ENOENT, no such file or directory 'C:\Users\brendan\AppData\Local\Temp\npm-1339922104853\1339922104853-0.1868945532478392'
verbose mkdir done: C:\Users\brendan\AppData\Local\Temp\npm-1339922104853\1339922104853-0.1868945532478392 755
verbose fetch to C:\Users\brendan\AppData\Local\Temp\npm-1339922104853\1339922104853-0.1868945532478392\tmp.tgz
verbose mkdir done: C:\Users\brendan\AppData\Local\Temp\npm-1339922104853\1339922104853-0.1868945532478392 755
http GET https://registry.npmjs.org/jquery/-/jquery-1.7.2.tgz
http 200 https://registry.npmjs.org/jquery/-/jquery-1.7.2.tgz
silly updated sha bytes 40960
silly updated sha bytes 40960
silly updated sha bytes 40960
silly updated sha bytes 39025
info shasum a93746763aca75a34df4c16395b0826310d0eaf2
info shasum C:\Users\brendan\AppData\Local\Temp\npm-1339922104853\1339922104853-0.1868945532478392\tmp.tgz
verbose mkdir (expected) error ENOENT, no such file or directory 'C:\Users\brendan\AppData\Local\Temp\npm-1339922104853\1339922104853-0.1868945532478392\___package.npm'
verbose mkdir done: C:\Users\brendan\AppData\Local\Temp\npm-1339922104853\1339922104853-0.1868945532478392\___package.npm 755
verbose unpack_ uid, gid [ undefined, undefined ]
verbose unpackTarget C:\Users\brendan\AppData\Local\Temp\npm-1339922104853\1339922104853-0.1868945532478392\package
silly gunzTarPerm modes [ '755', '644' ]
silly afterUntar undefined
verbose gunzed C:\Users\brendan\AppData\Local\Temp\npm-1339922104853\1339922104853-0.1868945532478392\___package.npm\package
verbose rm'ed C:\Users\brendan\AppData\Local\Temp\npm-1339922104853\1339922104853-0.1868945532478392\package
verbose renamed [ 'C:\\Users\\brendan\\AppData\\Local\\Temp\\npm-1339922104853\\1339922104853-0.1868945532478392\\___package.npm\\package',
verbose renamed   'C:\\Users\\brendan\\AppData\\Local\\Temp\\npm-1339922104853\\1339922104853-0.1868945532478392\\package' ]
verbose caching C:\Users\brendan\AppData\Local\Temp\npm-1339922104853\1339922104853-0.1868945532478392\package\package.json
verbose loadDefaults jquery@1.7.2
verbose tarball contents [ 'package', 'tmp.tgz' ]
verbose from cache C:\Users\brendan\AppData\Local\Temp\npm-1339922104853\1339922104853-0.1868945532478392\package\package.json
verbose pack C:\Users\brendan\AppData\Local\Temp\npm-1339922104853\1339922104853-0.1868945532478392\package
verbose pack C:\Users\brendan\AppData\Local\Temp\npm-1339922104853\1339922104853-0.1868945532478392\package C:\Users\brendan\AppData\Roaming\npm-cache\jquery\1.7.2\package.tgz
silly makeList C:\Users\brendan\AppData\Local\Temp\npm-1339922104853\1339922104853-0.1868945532478392\package
silly dir, dirLen [ 'C:\\Users\\brendan\\AppData\\Local\\Temp\\npm-1339922104853\\1339922104853-0.1868945532478392\\package',
silly dir, dirLen   95 ]
verbose tarball C:\Users\brendan\AppData\Roaming\npm-cache\jquery\1.7.2\package.tgz
verbose parent C:\Users\brendan\AppData\Local\Temp\npm-1339922104853\1339922104853-0.1868945532478392\package
verbose mkdir (expected) error ENOENT, no such file or directory 'C:\Users\brendan\AppData\Roaming\npm-cache\jquery\1.7.2\___package.npm'
verbose mkdir done: C:\Users\brendan\AppData\Roaming\npm-cache\jquery\1.7.2\___package.npm 755
verbose unpack_ uid, gid [ undefined, undefined ]
verbose unpackTarget C:\Users\brendan\AppData\Roaming\npm-cache\jquery\1.7.2\package
silly gunzTarPerm modes [ '755', '644' ]
silly afterUntar undefined
verbose gunzed C:\Users\brendan\AppData\Roaming\npm-cache\jquery\1.7.2\___package.npm\package
verbose rm'ed C:\Users\brendan\AppData\Roaming\npm-cache\jquery\1.7.2\package
verbose renamed [ 'C:\\Users\\brendan\\AppData\\Roaming\\npm-cache\\jquery\\1.7.2\\___package.npm\\package',
verbose renamed   'C:\\Users\\brendan\\AppData\\Roaming\\npm-cache\\jquery\\1.7.2\\package' ]
verbose caching C:\Users\brendan\AppData\Roaming\npm-cache\jquery\1.7.2\package\package.json
verbose loadDefaults jquery@1.7.2
silly updated sha bytes 40960
silly updated sha bytes 40960
silly updated sha bytes 40960
silly updated sha bytes 38914
info shasum 9c6bb35fd29ea7ece9b572cfccd94beae99b89f8
info shasum C:\Users\brendan\AppData\Roaming\npm-cache\jquery\1.7.2\package.tgz
verbose from cache C:\Users\brendan\AppData\Roaming\npm-cache\jquery\1.7.2\package\package.json
verbose chmod C:\Users\brendan\AppData\Roaming\npm-cache\jquery\1.7.2\package.tgz 644
silly skipping chown for windows C:\Users\brendan\AppData\Roaming\npm-cache\jquery\1.7.2\package.tgz
silly resolved [ { name: 'jquery',
silly resolved     description: 'jQuery: The Write Less, Do More, JavaScript Library (packaged for Node.JS)',
silly resolved     version: '1.7.2',
silly resolved     url: 'http://jquery.com',
silly resolved     homepage: 'https://github.com/coolaj86/node-jquery',
silly resolved     author: { name: 'James Morrin', email: 'treasonx@gmail.com' },
silly resolved     repository: 
silly resolved      { type: 'git',
silly resolved        url: 'git://github.com/coolaj86/node-jquery.git' },
silly resolved     bugs: { url: 'https://github.com/coolaj86/node-jquery/issues' },
silly resolved     licenses: 
silly resolved      [ { type: 'MIT',
silly resolved          url: 'https://github.com/coolaj86/node-jquery/blob/master/LICENSE-MIT' } ],
silly resolved     main: 'lib/node-jquery',
silly resolved     engines: { node: '0.6' },
silly resolved     scripts: { test: 'grunt test' },
silly resolved     dependencies: 
silly resolved      { jsdom: '~0.2.14',
silly resolved        htmlparser: '1.7.6',
silly resolved        xmlhttprequest: '~1.3.0' },
silly resolved     devDependencies: { grunt: '~0.3.8', nodeunit: '~0.7.4' },
silly resolved     keywords: [ 'util', 'dom', 'jquery' ],
silly resolved     _id: 'jquery@1.7.2',
silly resolved     _engineSupported: true,
silly resolved     _npmVersion: '1.1.0-beta-10',
silly resolved     _nodeVersion: 'v0.6.7',
silly resolved     _defaultsLoaded: true,
silly resolved     dist: { shasum: '9c6bb35fd29ea7ece9b572cfccd94beae99b89f8' } } ]
info into D:\workspace\projects\piewpiew-js jquery@1.7.2
info installOne jquery@1.7.2
info unbuild D:\workspace\projects\piewpiew-js\node_modules\jquery
verbose from cache C:\Users\brendan\AppData\Roaming\npm-cache\jquery\1.7.2\package\package.json
verbose mkdir (expected) error ENOENT, no such file or directory 'D:\workspace\projects\piewpiew-js\node_modules\___jquery.npm'
verbose mkdir done: D:\workspace\projects\piewpiew-js\node_modules\___jquery.npm 755
verbose unpack_ uid, gid [ undefined, undefined ]
verbose unpackTarget D:\workspace\projects\piewpiew-js\node_modules\jquery
silly gunzTarPerm modes [ '755', '644' ]
silly afterUntar undefined
verbose gunzed D:\workspace\projects\piewpiew-js\node_modules\___jquery.npm\package
verbose rm'ed D:\workspace\projects\piewpiew-js\node_modules\jquery
verbose renamed [ 'D:\\workspace\\projects\\piewpiew-js\\node_modules\\___jquery.npm\\package',
verbose renamed   'D:\\workspace\\projects\\piewpiew-js\\node_modules\\jquery' ]
verbose caching D:\workspace\projects\piewpiew-js\node_modules\jquery\package.json
verbose loadDefaults jquery@1.7.2
info preinstall jquery@1.7.2
verbose from cache D:\workspace\projects\piewpiew-js\node_modules\jquery\package.json
verbose into D:\workspace\projects\piewpiew-js\node_modules\jquery [ 'jsdom@~0.2.14', 'htmlparser@1.7.6', 'xmlhttprequest@~1.3.0' ]
verbose cache add htmlparser@1.7.6
verbose cache add [ 'htmlparser@1.7.6', null ]
silly cache add: name, spec, args [ undefined, 'htmlparser@1.7.6', [ 'htmlparser@1.7.6', null ] ]
verbose parsed url { pathname: 'htmlparser@1.7.6',
verbose parsed url   path: 'htmlparser@1.7.6',
verbose parsed url   href: 'htmlparser@1.7.6' }
silly cache add: name, spec, args [ 'htmlparser', '1.7.6', [ 'htmlparser', '1.7.6' ] ]
verbose parsed url { pathname: '1.7.6', path: '1.7.6', href: '1.7.6' }
verbose addNamed [ 'htmlparser', '1.7.6' ]
verbose addNamed [ '1.7.6', '1.7.6' ]
verbose cache add xmlhttprequest@~1.3.0
verbose cache add [ 'xmlhttprequest@~1.3.0', null ]
silly cache add: name, spec, args [ undefined,
silly cache add: name, spec, args   'xmlhttprequest@~1.3.0',
silly cache add: name, spec, args   [ 'xmlhttprequest@~1.3.0', null ] ]
verbose parsed url { pathname: 'xmlhttprequest@~1.3.0',
verbose parsed url   path: 'xmlhttprequest@~1.3.0',
verbose parsed url   href: 'xmlhttprequest@~1.3.0' }
silly cache add: name, spec, args [ 'xmlhttprequest', '~1.3.0', [ 'xmlhttprequest', '~1.3.0' ] ]
verbose parsed url { pathname: '~1.3.0', path: '~1.3.0', href: '~1.3.0' }
verbose addNamed [ 'xmlhttprequest', '~1.3.0' ]
verbose addNamed [ null, '>=1.3.0- <1.4.0-' ]
silly name, range, hasData [ 'xmlhttprequest', '>=1.3.0- <1.4.0-', false ]
verbose cache add jsdom@~0.2.14
verbose cache add [ 'jsdom@~0.2.14', null ]
silly cache add: name, spec, args [ undefined, 'jsdom@~0.2.14', [ 'jsdom@~0.2.14', null ] ]
verbose parsed url { pathname: 'jsdom@~0.2.14',
verbose parsed url   path: 'jsdom@~0.2.14',
verbose parsed url   href: 'jsdom@~0.2.14' }
silly cache add: name, spec, args [ 'jsdom', '~0.2.14', [ 'jsdom', '~0.2.14' ] ]
verbose parsed url { pathname: '~0.2.14', path: '~0.2.14', href: '~0.2.14' }
verbose addNamed [ 'jsdom', '~0.2.14' ]
verbose addNamed [ null, '>=0.2.14- <0.3.0-' ]
silly name, range, hasData [ 'jsdom', '>=0.2.14- <0.3.0-', false ]
verbose raw, before any munging htmlparser/1.7.6
verbose url resolving [ 'https://registry.npmjs.org/', './htmlparser/1.7.6' ]
verbose url resolved https://registry.npmjs.org/htmlparser/1.7.6
http GET https://registry.npmjs.org/htmlparser/1.7.6
verbose raw, before any munging xmlhttprequest
verbose url resolving [ 'https://registry.npmjs.org/', './xmlhttprequest' ]
verbose url resolved https://registry.npmjs.org/xmlhttprequest
http GET https://registry.npmjs.org/xmlhttprequest
verbose raw, before any munging jsdom
verbose url resolving [ 'https://registry.npmjs.org/', './jsdom' ]
verbose url resolved https://registry.npmjs.org/jsdom
http GET https://registry.npmjs.org/jsdom
http 200 https://registry.npmjs.org/htmlparser/1.7.6
silly get cb [ 200,
silly get cb   { vary: 'Accept',
silly get cb     server: 'CouchDB/1.2.0 (Erlang OTP/R15B)',
silly get cb     etag: '"179FA1D8CK05F2V5VZEZH1EKM"',
silly get cb     date: 'Sun, 17 Jun 2012 08:35:15 GMT',
silly get cb     'content-type': 'application/json',
silly get cb     'content-length': '6478' } ]
verbose mkdir (expected) error ENOENT, no such file or directory 'C:\Users\brendan\AppData\Roaming\npm-cache\htmlparser'
verbose mkdir (expected) error ENOENT, no such file or directory 'C:\Users\brendan\AppData\Roaming\npm-cache\htmlparser\1.7.6'
verbose mkdir done: C:\Users\brendan\AppData\Roaming\npm-cache\htmlparser\1.7.6 755
verbose bin dist [ '0.6-ares1.7.5-DEV-evundefined-openssl0.9.8r-v83.6.6.15-win32-ia32-6.1.7601',
verbose bin dist   { shasum: '6a263c7ee5930f3e5c56fa564011f99e49f80d34',
verbose bin dist     tarball: 'http://registry.npmjs.org/htmlparser/-/htmlparser-1.7.6.tgz' } ]
verbose addRemoteTarball [ 'https://registry.npmjs.org/htmlparser/-/htmlparser-1.7.6.tgz',
verbose addRemoteTarball   '6a263c7ee5930f3e5c56fa564011f99e49f80d34' ]
verbose mkdir (expected) error ENOENT, no such file or directory 'C:\Users\brendan\AppData\Local\Temp\npm-1339922104853\1339922112637-0.390633147675544'
verbose mkdir done: C:\Users\brendan\AppData\Local\Temp\npm-1339922104853\1339922112637-0.390633147675544 755
verbose fetch to C:\Users\brendan\AppData\Local\Temp\npm-1339922104853\1339922112637-0.390633147675544\tmp.tgz
verbose mkdir done: C:\Users\brendan\AppData\Local\Temp\npm-1339922104853\1339922112637-0.390633147675544 755
http GET https://registry.npmjs.org/htmlparser/-/htmlparser-1.7.6.tgz
http 200 https://registry.npmjs.org/xmlhttprequest
silly get cb [ 200,
silly get cb   { vary: 'Accept',
silly get cb     server: 'CouchDB/1.2.0 (Erlang OTP/R15B)',
silly get cb     etag: '"3VW0N5J9HUSZLYIXMCAG3RAQ0"',
silly get cb     date: 'Sun, 17 Jun 2012 08:35:15 GMT',
silly get cb     'content-type': 'application/json',
silly get cb     'content-length': '10224' } ]
verbose mkdir (expected) error ENOENT, no such file or directory 'C:\Users\brendan\AppData\Roaming\npm-cache\xmlhttprequest'
verbose mkdir done: C:\Users\brendan\AppData\Roaming\npm-cache\xmlhttprequest 755
silly name, range, hasData 2 [ 'xmlhttprequest', '>=1.3.0- <1.4.0-', true ]
silly versions [ 'xmlhttprequest',
silly versions   [ '1.0.0', '1.2.0', '1.2.1', '1.2.2', '1.3.0', '1.4.0', '1.4.2' ] ]
verbose bin dist [ '0.6-ares1.7.5-DEV-evundefined-openssl0.9.8r-v83.6.6.15-win32-ia32-6.1.7601',
verbose bin dist   { shasum: 'f6888d76176a9e4217694aa168a02c366e5d454a',
verbose bin dist     tarball: 'http://registry.npmjs.org/xmlhttprequest/-/xmlhttprequest-1.3.0.tgz' } ]
verbose addRemoteTarball [ 'https://registry.npmjs.org/xmlhttprequest/-/xmlhttprequest-1.3.0.tgz',
verbose addRemoteTarball   'f6888d76176a9e4217694aa168a02c366e5d454a' ]
verbose mkdir (expected) error ENOENT, no such file or directory 'C:\Users\brendan\AppData\Local\Temp\npm-1339922104853\1339922112675-0.22986725997179747'
verbose mkdir done: C:\Users\brendan\AppData\Local\Temp\npm-1339922104853\1339922112675-0.22986725997179747 755
verbose fetch to C:\Users\brendan\AppData\Local\Temp\npm-1339922104853\1339922112675-0.22986725997179747\tmp.tgz
verbose mkdir done: C:\Users\brendan\AppData\Local\Temp\npm-1339922104853\1339922112675-0.22986725997179747 755
http GET https://registry.npmjs.org/xmlhttprequest/-/xmlhttprequest-1.3.0.tgz
http 200 https://registry.npmjs.org/jsdom
silly get cb [ 200,
silly get cb   { vary: 'Accept',
silly get cb     server: 'CouchDB/1.2.0 (Erlang OTP/R15B)',
silly get cb     etag: '"CHADNMV38D29KIZO5CQUDWDZV"',
silly get cb     date: 'Sun, 17 Jun 2012 08:35:15 GMT',
silly get cb     'content-type': 'application/json',
silly get cb     'content-length': '69508' } ]
verbose mkdir (expected) error ENOENT, no such file or directory 'C:\Users\brendan\AppData\Roaming\npm-cache\jsdom'
verbose mkdir done: C:\Users\brendan\AppData\Roaming\npm-cache\jsdom 755
silly name, range, hasData 2 [ 'jsdom', '>=0.2.14- <0.3.0-', true ]
silly versions [ 'jsdom',
silly versions   [ '0.0.1',
silly versions     '0.1.2',
silly versions     '0.1.4',
silly versions     '0.1.5',
silly versions     '0.1.6',
silly versions     '0.1.7',
silly versions     '0.1.8',
silly versions     '0.1.9',
silly versions     '0.1.10',
silly versions     '0.1.11',
silly versions     '0.1.12',
silly versions     '0.1.13',
silly versions     '0.1.15',
silly versions     '0.1.16',
silly versions     '0.1.17',
silly versions     '0.1.18',
silly versions     '0.1.19',
silly versions     '0.1.20',
silly versions     '0.1.21',
silly versions     '0.1.22',
silly versions     '0.1.23',
silly versions     '0.2.0',
silly versions     '0.2.1',
silly versions     '0.2.2',
silly versions     '0.2.3',
silly versions     '0.2.4',
silly versions     '0.2.5',
silly versions     '0.2.6',
silly versions     '0.2.7',
silly versions     '0.2.8',
silly versions     '0.2.9',
silly versions     '0.2.10',
silly versions     '0.2.11',
silly versions     '0.2.12',
silly versions     '0.2.13',
silly versions     '0.2.14' ] ]
verbose bin dist [ '0.6-ares1.7.5-DEV-evundefined-openssl0.9.8r-v83.6.6.15-win32-ia32-6.1.7601',
verbose bin dist   { shasum: '713224f2e1a7b6f70bdd378f520a9d28bd32ecd8',
verbose bin dist     tarball: 'http://registry.npmjs.org/jsdom/-/jsdom-0.2.14.tgz' } ]
verbose addRemoteTarball [ 'https://registry.npmjs.org/jsdom/-/jsdom-0.2.14.tgz',
verbose addRemoteTarball   '713224f2e1a7b6f70bdd378f520a9d28bd32ecd8' ]
verbose mkdir (expected) error ENOENT, no such file or directory 'C:\Users\brendan\AppData\Local\Temp\npm-1339922104853\1339922113747-0.3355979591142386'
verbose mkdir done: C:\Users\brendan\AppData\Local\Temp\npm-1339922104853\1339922113747-0.3355979591142386 755
verbose fetch to C:\Users\brendan\AppData\Local\Temp\npm-1339922104853\1339922113747-0.3355979591142386\tmp.tgz
verbose mkdir done: C:\Users\brendan\AppData\Local\Temp\npm-1339922104853\1339922113747-0.3355979591142386 755
http GET https://registry.npmjs.org/jsdom/-/jsdom-0.2.14.tgz
http 200 https://registry.npmjs.org/htmlparser/-/htmlparser-1.7.6.tgz
http 200 https://registry.npmjs.org/xmlhttprequest/-/xmlhttprequest-1.3.0.tgz
silly updated sha bytes 10240
info shasum f6888d76176a9e4217694aa168a02c366e5d454a
info shasum C:\Users\brendan\AppData\Local\Temp\npm-1339922104853\1339922112675-0.22986725997179747\tmp.tgz
verbose mkdir (expected) error ENOENT, no such file or directory 'C:\Users\brendan\AppData\Local\Temp\npm-1339922104853\1339922112675-0.22986725997179747\___package.npm'
verbose mkdir done: C:\Users\brendan\AppData\Local\Temp\npm-1339922104853\1339922112675-0.22986725997179747\___package.npm 755
verbose unpack_ uid, gid [ undefined, undefined ]
verbose unpackTarget C:\Users\brendan\AppData\Local\Temp\npm-1339922104853\1339922112675-0.22986725997179747\package
silly gunzTarPerm modes [ '755', '644' ]
silly afterUntar undefined
verbose gunzed C:\Users\brendan\AppData\Local\Temp\npm-1339922104853\1339922112675-0.22986725997179747\___package.npm\package
verbose rm'ed C:\Users\brendan\AppData\Local\Temp\npm-1339922104853\1339922112675-0.22986725997179747\package
verbose renamed [ 'C:\\Users\\brendan\\AppData\\Local\\Temp\\npm-1339922104853\\1339922112675-0.22986725997179747\\___package.npm\\package',
verbose renamed   'C:\\Users\\brendan\\AppData\\Local\\Temp\\npm-1339922104853\\1339922112675-0.22986725997179747\\package' ]
verbose caching C:\Users\brendan\AppData\Local\Temp\npm-1339922104853\1339922112675-0.22986725997179747\package\package.json
